<?xml version="1.0" encoding="UTF-8"?>
<!-- Generated by org.testng.reporters.JUnitReportReporter -->
<testsuite skipped="0" hostname="lenovo-PC" name="test.test01" tests="1" failures="0" timestamp="27 Sep 2017 17:11:15 GMT" time="13.590" errors="0">
  <testcase name="testcase1" time="13.590" classname="test.test01"/>
</testsuite> <!-- test.test01 -->
